This is pdfTeX, Version 3.14159265-2.6-1.40.20 (MiKTeX 2.9.7250 64-bit) (preloaded format=pdflatex 2019.12.6)  1 APR 2020 05:57
entering extended mode
**./ee568_HW2.tex
(ee568_HW2.tex
LaTeX2e <2019-10-01> patch level 3
("C:\Users\user\AppData\Local\Programs\MiKTeX 2.9\tex/latex/base\article.cls"
Document Class: article 2019/10/25 v1.4k Standard LaTeX document class
("C:\Users\user\AppData\Local\Programs\MiKTeX 2.9\tex/latex/base\size10.clo"
File: size10.clo 2019/10/25 v1.4k Standard LaTeX file (size option)
)
\c@part=\count80
\c@section=\count81
\c@subsection=\count82
\c@subsubsection=\count83
\c@paragraph=\count84
\c@subparagraph=\count85
\c@figure=\count86
\c@table=\count87
\abovecaptionskip=\skip41
\belowcaptionskip=\skip42
\bibindent=\dimen102
)
("C:\Users\user\AppData\Local\Programs\MiKTeX 2.9\tex/latex/base\inputenc.sty"
Package: inputenc 2018/08/11 v1.3c Input encoding file
\inpenc@prehook=\toks14
\inpenc@posthook=\toks15
)
("C:\Users\user\AppData\Local\Programs\MiKTeX 2.9\tex/latex/csquotes\csquotes.s
ty"
Package: csquotes 2019-12-06 v5.2j context-sensitive quotations (JAW)

("C:\Users\user\AppData\Local\Programs\MiKTeX 2.9\tex/latex/etoolbox\etoolbox.s
ty"
Package: etoolbox 2019/09/21 v2.5h e-TeX tools for LaTeX (JAW)
\etb@tempcnta=\count88
)
("C:\Users\user\AppData\Local\Programs\MiKTeX 2.9\tex/latex/graphics\keyval.sty
"
Package: keyval 2014/10/28 v1.15 key=value parser (DPC)
\KV@toks@=\toks16
)
\csq@reset=\count89
\csq@gtype=\count90
\csq@glevel=\count91
\csq@qlevel=\count92
\csq@maxlvl=\count93
\csq@tshold=\count94
\csq@ltx@everypar=\toks17

("C:\Users\user\AppData\Local\Programs\MiKTeX 2.9\tex/latex/csquotes\csquotes.d
ef"
File: csquotes.def 2019-12-06 v5.2j csquotes generic definitions (JAW)
)
Package csquotes Info: Trying to load configuration file 'csquotes.cfg'...
Package csquotes Info: ... configuration file loaded successfully.

("C:\Users\user\AppData\Local\Programs\MiKTeX 2.9\tex/latex/csquotes\csquotes.c
fg"
File: csquotes.cfg 
))
("C:\Users\user\AppData\Local\Programs\MiKTeX 2.9\tex/latex/natbib\natbib.sty"
Package: natbib 2010/09/13 8.31b (PWD, AO)
\bibhang=\skip43
\bibsep=\skip44
LaTeX Info: Redefining \cite on input line 694.
\c@NAT@ctr=\count95
)
("C:\Users\user\AppData\Local\Programs\MiKTeX 2.9\tex/latex/graphics\graphicx.s
ty"
Package: graphicx 2017/06/01 v1.1a Enhanced LaTeX Graphics (DPC,SPQR)

("C:\Users\user\AppData\Local\Programs\MiKTeX 2.9\tex/latex/graphics\graphics.s
ty"
Package: graphics 2019/11/01 v1.3d Standard LaTeX Graphics (DPC,SPQR)

("C:\Users\user\AppData\Local\Programs\MiKTeX 2.9\tex/latex/graphics\trig.sty"
Package: trig 2016/01/03 v1.10 sin cos tan (DPC)
)
("C:\Users\user\AppData\Local\Programs\MiKTeX 2.9\tex/latex/graphics-cfg\graphi
cs.cfg"
File: graphics.cfg 2016/06/04 v1.11 sample graphics configuration
)
Package graphics Info: Driver file: pdftex.def on input line 105.

("C:\Users\user\AppData\Local\Programs\MiKTeX 2.9\tex/latex/graphics-def\pdftex
.def"
File: pdftex.def 2018/01/08 v1.0l Graphics/color driver for pdftex
))
\Gin@req@height=\dimen103
\Gin@req@width=\dimen104
)
("C:\Users\user\AppData\Local\Programs\MiKTeX 2.9\tex/latex/float\float.sty"
Package: float 2001/11/08 v1.3d Float enhancements (AL)
\c@float@type=\count96
\float@exts=\toks18
\float@box=\box27
\@float@everytoks=\toks19
\@floatcapt=\box28
)
("C:\Users\user\AppData\Local\Programs\MiKTeX 2.9\tex/latex/graphics\epsfig.sty
"
Package: epsfig 2017/06/25 v1.7b (e)psfig emulation (SPQR)
\epsfxsize=\dimen105
\epsfysize=\dimen106
)
("C:\Users\user\AppData\Local\Programs\MiKTeX 2.9\tex/latex/siunitx\siunitx.sty
" ("C:\Users\user\AppData\Local\Programs\MiKTeX 2.9\tex/latex/l3kernel\expl3.st
y"
Package: expl3 2019-11-07 L3 programming layer (loader) 

("C:\Users\user\AppData\Local\Programs\MiKTeX 2.9\tex/latex/l3kernel\expl3-code
.tex"
Package: expl3 2019-11-07 L3 programming layer (code)
\c_max_int=\count97
\l_tmpa_int=\count98
\l_tmpb_int=\count99
\g_tmpa_int=\count100
\g_tmpb_int=\count101
\l__seq_internal_a_int=\count102
\l__seq_internal_b_int=\count103
\g__kernel_prg_map_int=\count104
\c__ior_term_noprompt_ior=\count105
\c_log_iow=\count106
\l_iow_line_count_int=\count107
\l__iow_line_target_int=\count108
\l__iow_one_indent_int=\count109
\l__iow_indent_int=\count110
\c_zero_dim=\dimen107
\c_max_dim=\dimen108
\l_tmpa_dim=\dimen109
\l_tmpb_dim=\dimen110
\g_tmpa_dim=\dimen111
\g_tmpb_dim=\dimen112
\c_zero_skip=\skip45
\c_max_skip=\skip46
\l_tmpa_skip=\skip47
\l_tmpb_skip=\skip48
\g_tmpa_skip=\skip49
\g_tmpb_skip=\skip50
\c_zero_muskip=\muskip10
\c_max_muskip=\muskip11
\l_tmpa_muskip=\muskip12
\l_tmpb_muskip=\muskip13
\g_tmpa_muskip=\muskip14
\g_tmpb_muskip=\muskip15
\l_keys_choice_int=\count111
\l__intarray_loop_int=\count112
\c__intarray_sp_dim=\dimen113
\g__intarray_font_int=\count113
\c__fp_leading_shift_int=\count114
\c__fp_middle_shift_int=\count115
\c__fp_trailing_shift_int=\count116
\c__fp_big_leading_shift_int=\count117
\c__fp_big_middle_shift_int=\count118
\c__fp_big_trailing_shift_int=\count119
\c__fp_Bigg_leading_shift_int=\count120
\c__fp_Bigg_middle_shift_int=\count121
\c__fp_Bigg_trailing_shift_int=\count122
\c__kernel_randint_max_int=\count123
\g__fp_array_int=\count124
\l__fp_array_loop_int=\count125
\l__sort_length_int=\count126
\l__sort_min_int=\count127
\l__sort_top_int=\count128
\l__sort_max_int=\count129
\l__sort_true_max_int=\count130
\l__sort_block_int=\count131
\l__sort_begin_int=\count132
\l__sort_end_int=\count133
\l__sort_A_int=\count134
\l__sort_B_int=\count135
\l__sort_C_int=\count136
\l__str_internal_int=\count137
\c__str_replacement_char_int=\count138
\l__tl_analysis_normal_int=\count139
\l__tl_analysis_index_int=\count140
\l__tl_analysis_nesting_int=\count141
\l__tl_analysis_type_int=\count142
\l__regex_internal_a_int=\count143
\l__regex_internal_b_int=\count144
\l__regex_internal_c_int=\count145
\l__regex_balance_int=\count146
\l__regex_group_level_int=\count147
\l__regex_mode_int=\count148
\c__regex_cs_in_class_mode_int=\count149
\c__regex_cs_mode_int=\count150
\l__regex_catcodes_int=\count151
\l__regex_default_catcodes_int=\count152
\c__regex_catcode_D_int=\count153
\c__regex_catcode_S_int=\count154
\c__regex_catcode_L_int=\count155
\c__regex_catcode_O_int=\count156
\c__regex_catcode_A_int=\count157
\c__regex_all_catcodes_int=\count158
\l__regex_show_lines_int=\count159
\l__regex_min_state_int=\count160
\l__regex_max_state_int=\count161
\l__regex_left_state_int=\count162
\l__regex_right_state_int=\count163
\l__regex_capturing_group_int=\count164
\l__regex_min_pos_int=\count165
\l__regex_max_pos_int=\count166
\l__regex_curr_pos_int=\count167
\l__regex_start_pos_int=\count168
\l__regex_success_pos_int=\count169
\l__regex_curr_char_int=\count170
\l__regex_curr_catcode_int=\count171
\l__regex_last_char_int=\count172
\l__regex_case_changed_char_int=\count173
\l__regex_curr_state_int=\count174
\l__regex_step_int=\count175
\l__regex_min_active_int=\count176
\l__regex_max_active_int=\count177
\l__regex_replacement_csnames_int=\count178
\l__regex_match_count_int=\count179
\l__regex_min_submatch_int=\count180
\l__regex_submatch_int=\count181
\l__regex_zeroth_submatch_int=\count182
\g__regex_trace_regex_int=\count183
\c_empty_box=\box29
\l_tmpa_box=\box30
\l_tmpb_box=\box31
\g_tmpa_box=\box32
\g_tmpb_box=\box33
\l__box_top_dim=\dimen114
\l__box_bottom_dim=\dimen115
\l__box_left_dim=\dimen116
\l__box_right_dim=\dimen117
\l__box_top_new_dim=\dimen118
\l__box_bottom_new_dim=\dimen119
\l__box_left_new_dim=\dimen120
\l__box_right_new_dim=\dimen121
\l__box_internal_box=\box34
\l__coffin_internal_box=\box35
\l__coffin_internal_dim=\dimen122
\l__coffin_offset_x_dim=\dimen123
\l__coffin_offset_y_dim=\dimen124
\l__coffin_x_dim=\dimen125
\l__coffin_y_dim=\dimen126
\l__coffin_x_prime_dim=\dimen127
\l__coffin_y_prime_dim=\dimen128
\c_empty_coffin=\box36
\l__coffin_aligned_coffin=\box37
\l__coffin_aligned_internal_coffin=\box38
\l_tmpa_coffin=\box39
\l_tmpb_coffin=\box40
\g_tmpa_coffin=\box41
\g_tmpb_coffin=\box42
\l__coffin_bounding_shift_dim=\dimen129
\l__coffin_left_corner_dim=\dimen130
\l__coffin_right_corner_dim=\dimen131
\l__coffin_bottom_corner_dim=\dimen132
\l__coffin_top_corner_dim=\dimen133
\l__coffin_scaled_total_height_dim=\dimen134
\l__coffin_scaled_width_dim=\dimen135
\c__coffin_empty_coffin=\box43
\l__coffin_display_coffin=\box44
\l__coffin_display_coord_coffin=\box45
\l__coffin_display_pole_coffin=\box46
\l__coffin_display_offset_dim=\dimen136
\l__coffin_display_x_dim=\dimen137
\l__coffin_display_y_dim=\dimen138
\g__char_data_ior=\read1

("C:\Users\user\AppData\Local\Programs\MiKTeX 2.9\tex/latex/l3kernel\l3deprecat
ion.def"
File: l3deprecation.def 2019-04-06 v L3 Deprecated functions
))
("C:\Users\user\AppData\Local\Programs\MiKTeX 2.9\tex/latex/l3backend\l3backend
-pdfmode.def"
File: l3backend-pdfmode.def 2019-04-06 L3 backend support: PDF mode
\l__kernel_color_stack_int=\count184
\l__pdf_internal_box=\box47
))
("C:\Users\user\AppData\Local\Programs\MiKTeX 2.9\tex/latex/l3packages/xparse\x
parse.sty"
Package: xparse 2019-10-11 L3 Experimental document command parser
\l__xparse_current_arg_int=\count185
\g__xparse_grabber_int=\count186
\l__xparse_m_args_int=\count187
\l__xparse_v_nesting_int=\count188
)
Package: siunitx 2019/10/10 v2.7t A comprehensive (SI) units package

("C:\Users\user\AppData\Local\Programs\MiKTeX 2.9\tex/latex/amsmath\amstext.sty
"
Package: amstext 2000/06/29 v2.01 AMS text
 ("C:\Users\user\AppData\Local\Programs\MiKTeX 2.9\tex/latex/amsmath\amsgen.sty
"
File: amsgen.sty 1999/11/30 v2.0 generic functions
\@emptytoks=\toks20
\ex@=\dimen139
)) ("C:\Users\user\AppData\Local\Programs\MiKTeX 2.9\tex/latex/tools\array.sty"
Package: array 2019/08/31 v2.4l Tabular extension package (FMi)
\col@sep=\dimen140
\ar@mcellbox=\box48
\extrarowheight=\dimen141
\NC@list=\toks21
\extratabsurround=\skip51
\backup@length=\skip52
\ar@cellbox=\box49
)
("C:\Users\user\AppData\Local\Programs\MiKTeX 2.9\tex/latex/l3packages/l3keys2e
\l3keys2e.sty"
Package: l3keys2e 2019-10-11 LaTeX2e option processing using LaTeX3 keys
)
\l__siunitx_tmp_box=\box50
\l__siunitx_tmp_dim=\dimen142
\l__siunitx_tmp_int=\count189
\l__siunitx_number_mantissa_length_int=\count190
\l__siunitx_number_uncert_length_int=\count191
\l__siunitx_round_int=\count192
\l__siunitx_process_decimal_int=\count193
\l__siunitx_process_uncertainty_int=\count194
\l__siunitx_process_fixed_int=\count195
\l__siunitx_process_integer_min_int=\count196
\l__siunitx_process_precision_int=\count197
\l__siunitx_group_min_int=\count198
\l__siunitx_angle_marker_box=\box51
\l__siunitx_angle_unit_box=\box52
\l__siunitx_angle_marker_dim=\dimen143
\l__siunitx_angle_unit_dim=\dimen144
\l__siunitx_unit_int=\count199
\l__siunitx_unit_denominator_int=\count266
\l__siunitx_unit_numerator_int=\count267
\l__siunitx_unit_prefix_int=\count268
\l__siunitx_unit_prefix_base_int=\count269
\l__siunitx_unit_prefix_gram_int=\count270
\l__siunitx_number_product_int=\count271
\c__siunitx_one_fill_skip=\skip53
\l__siunitx_table_unit_align_skip=\skip54
\l__siunitx_table_exponent_dim=\dimen145
\l__siunitx_table_integer_dim=\dimen146
\l__siunitx_table_mantissa_dim=\dimen147
\l__siunitx_table_marker_dim=\dimen148
\l__siunitx_table_result_dim=\dimen149
\l__siunitx_table_uncert_dim=\dimen150
\l__siunitx_table_fill_pre_dim=\dimen151
\l__siunitx_table_fill_post_dim=\dimen152
\l__siunitx_table_fill_mid_dim=\dimen153
\l__siunitx_table_pre_box=\box53
\l__siunitx_table_post_box=\box54
\l__siunitx_table_mantissa_box=\box55
\l__siunitx_table_result_box=\box56
\l__siunitx_table_number_align_skip=\skip55
\l__siunitx_table_text_align_skip=\skip56

("C:\Users\user\AppData\Local\Programs\MiKTeX 2.9\tex/latex/translator\translat
or.sty"
Package: translator 2019-05-31 v1.12a Easy translation of strings in LaTeX
))
Package csquotes Info: Checking for multilingual support...
Package csquotes Info: ... none found.
 (ee568_HW2.aux)
\openout1 = `ee568_HW2.aux'.

LaTeX Font Info:    Checking defaults for OML/cmm/m/it on input line 9.
LaTeX Font Info:    ... okay on input line 9.
LaTeX Font Info:    Checking defaults for T1/cmr/m/n on input line 9.
LaTeX Font Info:    ... okay on input line 9.
LaTeX Font Info:    Checking defaults for OT1/cmr/m/n on input line 9.
LaTeX Font Info:    ... okay on input line 9.
LaTeX Font Info:    Checking defaults for OMS/cmsy/m/n on input line 9.
LaTeX Font Info:    ... okay on input line 9.
LaTeX Font Info:    Checking defaults for OMX/cmex/m/n on input line 9.
LaTeX Font Info:    ... okay on input line 9.
LaTeX Font Info:    Checking defaults for U/cmr/m/n on input line 9.
LaTeX Font Info:    ... okay on input line 9.

("C:\Users\user\AppData\Local\Programs\MiKTeX 2.9\tex/context/base/mkii\supp-pd
f.mkii"
[Loading MPS to PDF converter (version 2006.09.02).]
\scratchcounter=\count272
\scratchdimen=\dimen154
\scratchbox=\box57
\nofMPsegments=\count273
\nofMParguments=\count274
\everyMPshowfont=\toks22
\MPscratchCnt=\count275
\MPscratchDim=\dimen155
\MPnumerator=\count276
\makeMPintoPDFobject=\count277
\everyMPtoPDFconversion=\toks23
)
("C:\Users\user\AppData\Local\Programs\MiKTeX 2.9\tex/latex/epstopdf-pkg\epstop
df-base.sty"
Package: epstopdf-base 2019-11-30 v2.9 Base part for package epstopdf
Package epstopdf-base Info: Redefining graphics rule for `.eps' on input line 4
85.
)
Now handling font encoding TS1 ...
... processing UTF-8 mapping file for font encoding TS1

("C:\Users\user\AppData\Local\Programs\MiKTeX 2.9\tex/latex/base\ts1enc.dfu"
File: ts1enc.dfu 2019/07/11 v1.2j UTF-8 support for inputenc
   defining Unicode char U+00A2 (decimal 162)
   defining Unicode char U+00A3 (decimal 163)
   defining Unicode char U+00A4 (decimal 164)
   defining Unicode char U+00A5 (decimal 165)
   defining Unicode char U+00A6 (decimal 166)
   defining Unicode char U+00A7 (decimal 167)
   defining Unicode char U+00A8 (decimal 168)
   defining Unicode char U+00A9 (decimal 169)
   defining Unicode char U+00AA (decimal 170)
   defining Unicode char U+00AC (decimal 172)
   defining Unicode char U+00AE (decimal 174)
   defining Unicode char U+00AF (decimal 175)
   defining Unicode char U+00B0 (decimal 176)
   defining Unicode char U+00B1 (decimal 177)
   defining Unicode char U+00B2 (decimal 178)
   defining Unicode char U+00B3 (decimal 179)
   defining Unicode char U+00B4 (decimal 180)
   defining Unicode char U+00B5 (decimal 181)
   defining Unicode char U+00B6 (decimal 182)
   defining Unicode char U+00B7 (decimal 183)
   defining Unicode char U+00B9 (decimal 185)
   defining Unicode char U+00BA (decimal 186)
   defining Unicode char U+00BC (decimal 188)
   defining Unicode char U+00BD (decimal 189)
   defining Unicode char U+00BE (decimal 190)
   defining Unicode char U+00D7 (decimal 215)
   defining Unicode char U+00F7 (decimal 247)
   defining Unicode char U+0192 (decimal 402)
   defining Unicode char U+02C7 (decimal 711)
   defining Unicode char U+02D8 (decimal 728)
   defining Unicode char U+02DD (decimal 733)
   defining Unicode char U+0E3F (decimal 3647)
   defining Unicode char U+2016 (decimal 8214)
   defining Unicode char U+2020 (decimal 8224)
   defining Unicode char U+2021 (decimal 8225)
   defining Unicode char U+2022 (decimal 8226)
   defining Unicode char U+2030 (decimal 8240)
   defining Unicode char U+2031 (decimal 8241)
   defining Unicode char U+203B (decimal 8251)
   defining Unicode char U+203D (decimal 8253)
   defining Unicode char U+2044 (decimal 8260)
   defining Unicode char U+204E (decimal 8270)
   defining Unicode char U+2052 (decimal 8274)
   defining Unicode char U+20A1 (decimal 8353)
   defining Unicode char U+20A4 (decimal 8356)
   defining Unicode char U+20A6 (decimal 8358)
   defining Unicode char U+20A9 (decimal 8361)
   defining Unicode char U+20AB (decimal 8363)
   defining Unicode char U+20AC (decimal 8364)
   defining Unicode char U+20B1 (decimal 8369)
   defining Unicode char U+2103 (decimal 8451)
   defining Unicode char U+2116 (decimal 8470)
   defining Unicode char U+2117 (decimal 8471)
   defining Unicode char U+211E (decimal 8478)
   defining Unicode char U+2120 (decimal 8480)
   defining Unicode char U+2122 (decimal 8482)
   defining Unicode char U+2126 (decimal 8486)
   defining Unicode char U+2127 (decimal 8487)
   defining Unicode char U+212E (decimal 8494)
   defining Unicode char U+2190 (decimal 8592)
   defining Unicode char U+2191 (decimal 8593)
   defining Unicode char U+2192 (decimal 8594)
   defining Unicode char U+2193 (decimal 8595)
   defining Unicode char U+2329 (decimal 9001)
   defining Unicode char U+232A (decimal 9002)
   defining Unicode char U+2422 (decimal 9250)
   defining Unicode char U+25E6 (decimal 9702)
   defining Unicode char U+25EF (decimal 9711)
   defining Unicode char U+266A (decimal 9834)
   defining Unicode char U+27E8 (decimal 10216)
   defining Unicode char U+27E9 (decimal 10217)
   defining Unicode char U+FEFF (decimal 65279)
)
("C:\Users\user\AppData\Local\Programs\MiKTeX 2.9\tex/latex/translator\translat
or-basic-dictionary-English.dict"
Dictionary: translator-basic-dictionary, Language: English 
)
("C:\Users\user\AppData\Local\Programs\MiKTeX 2.9\tex/latex/siunitx\siunitx-abb
reviations.cfg"
File: siunitx-abbreviations.cfg 2017/11/26 v2.7k siunitx: Abbreviated units
)
LaTeX Font Info:    External font `cmex10' loaded for size
(Font)              <7> on input line 9.
LaTeX Font Info:    External font `cmex10' loaded for size
(Font)              <5> on input line 9.
<E:/Github/EE568/HW1/Rapor/Figurler/odtulogo.png, id=1, 225.84375pt x 192.72pt>

File: E:/Github/EE568/HW1/Rapor/Figurler/odtulogo.png Graphic file (type png)
<use E:/Github/EE568/HW1/Rapor/Figurler/odtulogo.png>
Package pdftex.def Info: E:/Github/EE568/HW1/Rapor/Figurler/odtulogo.png  used 
on input line 18.
(pdftex.def)             Requested size: 225.84319pt x 192.71951pt.
 [1

{C:/Users/user/AppData/Local/MiKTeX/2.9/pdftex/config/pdftex.map} <E:/Github/EE
568/HW1/Rapor/Figurler/odtulogo.png>] (ee568_HW2.toc)
\tf@toc=\write3
\openout3 = `ee568_HW2.toc'.


[1] [2]
<Figurler/22p24s_voltage.png, id=21, 564.60938pt x 570.63188pt>
File: Figurler/22p24s_voltage.png Graphic file (type png)
<use Figurler/22p24s_voltage.png>
Package pdftex.def Info: Figurler/22p24s_voltage.png  used on input line 140.
(pdftex.def)             Requested size: 241.49895pt x 244.07826pt.
 [3]
Underfull \hbox (badness 10000) in paragraph at lines 163--164

 []

[4 <./Figurler/22p24s_voltage.png>]
<Figurler/20p24s.png, id=30, 485.56406pt x 500.62032pt>
File: Figurler/20p24s.png Graphic file (type png)
<use Figurler/20p24s.png>
Package pdftex.def Info: Figurler/20p24s.png  used on input line 213.
(pdftex.def)             Requested size: 241.49895pt x 248.98038pt.
 [5 <./Figurler/20p24s.png>]
<Figurler/FEAgeom.png, id=35, 455.45157pt x 432.11438pt>
File: Figurler/FEAgeom.png Graphic file (type png)
<use Figurler/FEAgeom.png>
Package pdftex.def Info: Figurler/FEAgeom.png  used on input line 260.
(pdftex.def)             Requested size: 241.49895pt x 229.12502pt.
<Figurler/magneticfield.png, id=36, 553.31718pt x 469.755pt>
File: Figurler/magneticfield.png Graphic file (type png)
<use Figurler/magneticfield.png>
Package pdftex.def Info: Figurler/magneticfield.png  used on input line 269.
(pdftex.def)             Requested size: 241.49895pt x 205.02272pt.
 [6 <./Figurler/FEAgeom.png>]
<Figurler/phasevoltages.png, id=42, 844.65562pt x 469.00218pt>
File: Figurler/phasevoltages.png Graphic file (type png)
<use Figurler/phasevoltages.png>
Package pdftex.def Info: Figurler/phasevoltages.png  used on input line 277.
(pdftex.def)             Requested size: 241.49895pt x 134.08923pt.
<Figurler/cogging.png, id=43, 845.40843pt x 469.00218pt>
File: Figurler/cogging.png Graphic file (type png)
<use Figurler/cogging.png>
Package pdftex.def Info: Figurler/cogging.png  used on input line 286.
(pdftex.def)             Requested size: 241.49895pt x 133.97473pt.
 [7 <./Figurler/magneticfield.png> <./Figurler/phasevoltages.png>] [8 <./Figurl
er/cogging.png>] (ee568_HW2.aux) ) 
Here is how much of TeX's memory you used:
 15008 strings out of 492450
 302803 string characters out of 3120472
 337159 words of memory out of 3000000
 19324 multiletter control sequences out of 15000+200000
 535871 words of font info for 37 fonts, out of 3000000 for 9000
 1141 hyphenation exceptions out of 8191
 44i,7n,67p,819b,493s stack positions out of 5000i,500n,10000p,200000b,50000s
<C:/Users/user/AppData/Local/Programs/MiKTeX 
2.9/fonts/type1/public/amsfonts/cm/cmbx10.pfb><C:/Users/user/AppData/Local/Prog
rams/MiKTeX 2.9/fonts/type1/public/amsfonts/cm/cmbx12.pfb><C:/Users/user/AppDat
a/Local/Programs/MiKTeX 2.9/fonts/type1/public/amsfonts/cm/cmmi10.pfb><C:/Users
/user/AppData/Local/Programs/MiKTeX 2.9/fonts/type1/public/amsfonts/cm/cmmi7.pf
b><C:/Users/user/AppData/Local/Programs/MiKTeX 2.9/fonts/type1/public/amsfonts/
cm/cmr10.pfb><C:/Users/user/AppData/Local/Programs/MiKTeX 2.9/fonts/type1/publi
c/amsfonts/cm/cmr12.pfb><C:/Users/user/AppData/Local/Programs/MiKTeX 2.9/fonts/
type1/public/amsfonts/cm/cmr7.pfb><C:/Users/user/AppData/Local/Programs/MiKTeX 
2.9/fonts/type1/public/amsfonts/cm/cmsy10.pfb>
Output written on ee568_HW2.pdf (9 pages, 721687 bytes).
PDF statistics:
 79 PDF objects out of 1000 (max. 8388607)
 0 named destinations out of 1000 (max. 500000)
 36 words of extra memory for PDF output out of 10000 (max. 10000000)

